<?xml version="1.0" encoding="UTF-8"?>
<testng-results ignored="0" total="1" passed="1" failed="0" skipped="0">
  <reporter-output>
  </reporter-output>
  <suite started-at="2022-10-10T14:04:45 IST" name="Default suite" finished-at="2022-10-10T14:04:53 IST" duration-ms="7700">
    <groups>
    </groups>
    <test started-at="2022-10-10T14:04:45 IST" name="Default test" finished-at="2022-10-10T14:04:53 IST" duration-ms="7700">
      <class name="selenium_concepts.Handling_Tabs">
        <test-method signature="methodone()[pri:0, instance:selenium_concepts.Handling_Tabs@169e6180]" started-at="2022-10-10T14:04:45 IST" name="methodone" finished-at="2022-10-10T14:04:53 IST" duration-ms="7652" status="PASS">
          <reporter-output>
          </reporter-output>
        </test-method> <!-- methodone -->
      </class> <!-- selenium_concepts.Handling_Tabs -->
    </test> <!-- Default test -->
  </suite> <!-- Default suite -->
</testng-results>
