<?xml version="1.0" encoding="UTF-8"?>
<testng-results ignored="0" total="1" passed="1" failed="0" skipped="0">
  <reporter-output>
  </reporter-output>
  <suite started-at="2022-11-02T19:18:07 IST" name="Default suite" finished-at="2022-11-02T19:18:19 IST" duration-ms="12387">
    <groups>
      <group name="urlValidation">
        <method signature="SampleTest.testCurrentUrl()[pri:0, instance:annotations.SampleTest@72e5a8e]" name="testCurrentUrl" class="annotations.SampleTest"/>
      </group> <!-- urlValidation -->
    </groups>
    <test started-at="2022-11-02T19:18:07 IST" name="Default test" finished-at="2022-11-02T19:18:19 IST" duration-ms="12387">
      <class name="annotations.SampleTest">
        <test-method is-config="true" signature="setUp()[pri:0, instance:annotations.SampleTest@72e5a8e]" started-at="2022-11-02T19:18:05 IST" name="setUp" finished-at="2022-11-02T19:18:07 IST" duration-ms="1961" status="PASS">
          <reporter-output>
          </reporter-output>
        </test-method> <!-- setUp -->
        <test-method is-config="true" signature="profileSetup()[pri:0, instance:annotations.SampleTest@72e5a8e]" started-at="2022-11-02T19:18:07 IST" name="profileSetup" finished-at="2022-11-02T19:18:07 IST" duration-ms="133" status="PASS">
          <reporter-output>
          </reporter-output>
        </test-method> <!-- profileSetup -->
        <test-method is-config="true" signature="appSetup()[pri:0, instance:annotations.SampleTest@72e5a8e]" started-at="2022-11-02T19:18:07 IST" name="appSetup" finished-at="2022-11-02T19:18:08 IST" duration-ms="610" status="PASS">
          <reporter-output>
          </reporter-output>
        </test-method> <!-- appSetup -->
        <test-method is-config="true" signature="checkLogin()[pri:0, instance:annotations.SampleTest@72e5a8e]" started-at="2022-11-02T19:18:08 IST" name="checkLogin" finished-at="2022-11-02T19:18:10 IST" duration-ms="2291" status="PASS">
          <reporter-output>
          </reporter-output>
        </test-method> <!-- checkLogin -->
        <test-method signature="testCurrentUrl()[pri:0, instance:annotations.SampleTest@72e5a8e]" started-at="2022-11-02T19:18:10 IST" name="testCurrentUrl" finished-at="2022-11-02T19:18:19 IST" duration-ms="9017" status="PASS">
          <reporter-output>
          </reporter-output>
        </test-method> <!-- testCurrentUrl -->
        <test-method is-config="true" signature="screenShot()[pri:0, instance:annotations.SampleTest@72e5a8e]" started-at="2022-11-02T19:18:19 IST" name="screenShot" finished-at="2022-11-02T19:18:19 IST" duration-ms="154" status="PASS">
          <reporter-output>
          </reporter-output>
        </test-method> <!-- screenShot -->
        <test-method is-config="true" signature="closeUp()[pri:0, instance:annotations.SampleTest@72e5a8e]" started-at="2022-11-02T19:18:19 IST" name="closeUp" finished-at="2022-11-02T19:18:19 IST" duration-ms="151" status="PASS">
          <reporter-output>
          </reporter-output>
        </test-method> <!-- closeUp -->
        <test-method is-config="true" signature="reportReady()[pri:0, instance:annotations.SampleTest@72e5a8e]" started-at="2022-11-02T19:18:19 IST" name="reportReady" finished-at="2022-11-02T19:18:19 IST" duration-ms="0" status="PASS">
          <reporter-output>
          </reporter-output>
        </test-method> <!-- reportReady -->
        <test-method is-config="true" signature="cleanUp()[pri:0, instance:annotations.SampleTest@72e5a8e]" started-at="2022-11-02T19:18:20 IST" name="cleanUp" finished-at="2022-11-02T19:18:20 IST" duration-ms="0" status="PASS">
          <reporter-output>
          </reporter-output>
        </test-method> <!-- cleanUp -->
      </class> <!-- annotations.SampleTest -->
    </test> <!-- Default test -->
  </suite> <!-- Default suite -->
</testng-results>
